<?xml version="1.0" encoding="UTF-8"?>
<!-- Generated by org.testng.reporters.JUnitXMLReporter -->
<testsuite ignored="0" hostname="win2019" failures="0" tests="3" name="Default test" time="32.509" errors="0" timestamp="2024-08-20T01:40:19 PDT">
  <testcase classname="com.launchbrowser.ALL_browser_testng1" name="ChromeBrowserLaunch" time="9.316"/>
  <testcase classname="com.launchbrowser.ALL_browser_testng1" name="EdgeBroswerLaunch" time="11.054"/>
  <testcase classname="com.launchbrowser.ALL_browser_testng1" name="FirefoxBroswerLaunch" time="12.091"/>
</testsuite> <!-- Default test -->
