<?xml version="1.0" encoding="UTF-8"?>
<testng-results ignored="0" total="3" passed="3" failed="0" skipped="0">
  <reporter-output>
  </reporter-output>
  <suite started-at="2024-08-20T01:39:46 PDT" name="Default suite" finished-at="2024-08-20T01:40:19 PDT" duration-ms="32509">
    <groups>
    </groups>
    <test started-at="2024-08-20T01:39:46 PDT" name="Default test" finished-at="2024-08-20T01:40:19 PDT" duration-ms="32509">
      <class name="com.launchbrowser.ALL_browser_testng1">
        <test-method signature="ChromeBrowserLaunch()[pri:1, instance:com.launchbrowser.ALL_browser_testng1@333291e3]" started-at="2024-08-20T01:39:46 PDT" name="ChromeBrowserLaunch" finished-at="2024-08-20T01:39:56 PDT" duration-ms="9316" status="PASS">
          <reporter-output>
          </reporter-output>
        </test-method> <!-- ChromeBrowserLaunch -->
        <test-method signature="EdgeBroswerLaunch()[pri:2, instance:com.launchbrowser.ALL_browser_testng1@333291e3]" started-at="2024-08-20T01:39:56 PDT" name="EdgeBroswerLaunch" finished-at="2024-08-20T01:40:07 PDT" duration-ms="11054" status="PASS">
          <reporter-output>
          </reporter-output>
        </test-method> <!-- EdgeBroswerLaunch -->
        <test-method signature="FirefoxBroswerLaunch()[pri:3, instance:com.launchbrowser.ALL_browser_testng1@333291e3]" started-at="2024-08-20T01:40:07 PDT" name="FirefoxBroswerLaunch" finished-at="2024-08-20T01:40:19 PDT" duration-ms="12091" status="PASS">
          <reporter-output>
          </reporter-output>
        </test-method> <!-- FirefoxBroswerLaunch -->
      </class> <!-- com.launchbrowser.ALL_browser_testng1 -->
    </test> <!-- Default test -->
  </suite> <!-- Default suite -->
</testng-results>
